<?xml version="1.0" encoding="UTF-8"?>
<!-- Generated by org.testng.reporters.JUnitXMLReporter -->
<testsuite hostname="ATMECSINLT-283" ignored="0" name="searchProduct" tests="7" failures="0" timestamp="2019-10-15T12:36:07 IST" time="95.746" errors="0">
  <testcase name="validateSearchedProduct" time="12.489" classname="com.konakart.script.HomePageScript"/>
  <testcase name="validateSearchedProduct" time="12.938" classname="com.konakart.script.HomePageScript"/>
  <testcase name="validateSearchedProduct" time="12.402" classname="com.konakart.script.HomePageScript"/>
  <testcase name="validateSearchedProduct" time="13.002" classname="com.konakart.script.HomePageScript"/>
  <testcase name="validateSearchedProduct" time="12.104" classname="com.konakart.script.HomePageScript"/>
  <testcase name="validateSearchedProduct" time="13.683" classname="com.konakart.script.HomePageScript"/>
  <testcase name="validateSearchedProduct" time="11.805" classname="com.konakart.script.HomePageScript"/>
</testsuite> <!-- searchProduct -->
