<?xml version="1.0" encoding="UTF-8"?>
<!-- Generated by org.testng.reporters.JUnitXMLReporter -->
<testsuite hostname="ATMECSINLT-283" ignored="0" name="searchProduct" tests="7" failures="0" timestamp="2019-10-14T23:23:34 IST" time="100.046" errors="0">
  <testcase name="click" time="12.272" classname="com.konakart.script.HomePageScript"/>
  <testcase name="click" time="12.954" classname="com.konakart.script.HomePageScript"/>
  <testcase name="click" time="13.043" classname="com.konakart.script.HomePageScript"/>
  <testcase name="click" time="12.826" classname="com.konakart.script.HomePageScript"/>
  <testcase name="click" time="13.101" classname="com.konakart.script.HomePageScript"/>
  <testcase name="click" time="13.647" classname="com.konakart.script.HomePageScript"/>
  <testcase name="click" time="13.038" classname="com.konakart.script.HomePageScript"/>
</testsuite> <!-- searchProduct -->
