<?xml version="1.0" encoding="UTF-8"?>
<!-- Generated by org.testng.reporters.JUnitXMLReporter -->
<testsuite hostname="ATMECSINLT-283" ignored="0" name="Default test" tests="8" failures="0" timestamp="2019-10-14T20:54:33 IST" time="24.182" errors="0">
  <testcase name="clickOnSlideShow" time="4.257" classname="com.website.script.ProductDetailsScript"/>
  <testcase name="validateProduct" time="1.753" classname="com.website.script.ProductDetailsScript"/>
  <testcase name="validateProduct" time="1.631" classname="com.website.script.ProductDetailsScript"/>
  <testcase name="clickOnProductReview" time="0.825" classname="com.website.script.ProductDetailsScript"/>
  <testcase name="productReview" time="1.432" classname="com.website.script.ProductDetailsScript"/>
  <testcase name="productReview" time="1.912" classname="com.website.script.ProductDetailsScript"/>
  <testcase name="productReview" time="1.597" classname="com.website.script.ProductDetailsScript"/>
  <testcase name="productReview" time="1.794" classname="com.website.script.ProductDetailsScript"/>
</testsuite> <!-- Default test -->
