<?xml version="1.0" encoding="UTF-8"?>
<!-- Generated by org.testng.reporters.JUnitXMLReporter -->
<testsuite hostname="ATMECSINLT-283" ignored="0" name="Default test" tests="9" failures="0" timestamp="2019-10-15T16:15:17 IST" time="53.967" errors="0">
  <testcase name="clickOnSlideShow" time="5.555" classname="com.konakart.script.ProductDetailsScript"/>
  <testcase name="validateProductDescription" time="0.384" classname="com.konakart.script.ProductDetailsScript"/>
  <testcase name="validateProductDescription" time="0.389" classname="com.konakart.script.ProductDetailsScript"/>
  <testcase name="validateProductSpecification" time="0.769" classname="com.konakart.script.ProductDetailsScript"/>
  <testcase name="clickOnProductReview" time="0.769" classname="com.konakart.script.ProductDetailsScript"/>
  <testcase name="productReview" time="4.638" classname="com.konakart.script.ProductDetailsScript"/>
  <testcase name="productReview" time="7.631" classname="com.konakart.script.ProductDetailsScript"/>
  <testcase name="productReview" time="7.706" classname="com.konakart.script.ProductDetailsScript"/>
  <testcase name="productReview" time="7.694" classname="com.konakart.script.ProductDetailsScript"/>
</testsuite> <!-- Default test -->
