<?xml version="1.0" encoding="UTF-8"?>
<testng-results skipped="0" failed="0" ignored="0" total="15" passed="15">
  <reporter-output>
  </reporter-output>
  <suite name="Suite1" duration-ms="107327" started-at="2019-10-14T20:57:51 IST" finished-at="2019-10-14T20:59:38 IST">
    <groups>
    </groups>
    <test name="searchProduct" duration-ms="87201" started-at="2019-10-14T20:57:51 IST" finished-at="2019-10-14T20:59:18 IST">
      <class name="com.website.script.HomePageScript">
        <test-method status="PASS" signature="configSetup()[pri:0, instance:com.website.script.HomePageScript@5a1c0542]" name="configSetup" is-config="true" duration-ms="6598" started-at="2019-10-14T20:57:51 IST" finished-at="2019-10-14T20:57:57 IST">
          <reporter-output>
          </reporter-output>
        </test-method> <!-- configSetup -->
        <test-method status="PASS" signature="click(java.lang.String, java.lang.String, java.lang.String, java.lang.String, java.lang.String)[pri:1, instance:com.website.script.HomePageScript@5a1c0542]" name="click" duration-ms="10359" started-at="2019-10-14T20:57:59 IST" data-provider="productdetail" finished-at="2019-10-14T20:58:09 IST">
          <params>
            <param index="0">
              <value>
                <![CDATA[Computer Peripherals]]>
              </value>
            </param>
            <param index="1">
              <value>
                <![CDATA[Microsoft IntelliMouse Explorer]]>
              </value>
            </param>
            <param index="2">
              <value>
                <![CDATA[$64.95]]>
              </value>
            </param>
            <param index="3">
              <value>
                <![CDATA[ball]]>
              </value>
            </param>
            <param index="4">
              <value>
                <![CDATA[There are no available products.]]>
              </value>
            </param>
          </params>
          <reporter-output>
          </reporter-output>
        </test-method> <!-- click -->
        <test-method status="PASS" signature="click(java.lang.String, java.lang.String, java.lang.String, java.lang.String, java.lang.String)[pri:1, instance:com.website.script.HomePageScript@5a1c0542]" name="click" duration-ms="11523" started-at="2019-10-14T20:58:09 IST" data-provider="productdetail" finished-at="2019-10-14T20:58:20 IST">
          <params>
            <param index="0">
              <value>
                <![CDATA[Games]]>
              </value>
            </param>
            <param index="1">
              <value>
                <![CDATA[Call Of Duty]]>
              </value>
            </param>
            <param index="2">
              <value>
                <![CDATA[$39.99]]>
              </value>
            </param>
            <param index="3">
              <value>
                <![CDATA[mouse]]>
              </value>
            </param>
            <param index="4">
              <value>
                <![CDATA[There are no available products.]]>
              </value>
            </param>
          </params>
          <reporter-output>
          </reporter-output>
        </test-method> <!-- click -->
        <test-method status="PASS" signature="click(java.lang.String, java.lang.String, java.lang.String, java.lang.String, java.lang.String)[pri:1, instance:com.website.script.HomePageScript@5a1c0542]" name="click" duration-ms="11759" started-at="2019-10-14T20:58:20 IST" data-provider="productdetail" finished-at="2019-10-14T20:58:32 IST">
          <params>
            <param index="0">
              <value>
                <![CDATA[DVD Movies]]>
              </value>
            </param>
            <param index="1">
              <value>
                <![CDATA[Die Hard With A Vengeance]]>
              </value>
            </param>
            <param index="2">
              <value>
                <![CDATA[$39.99]]>
              </value>
            </param>
            <param index="3">
              <value>
                <![CDATA[call of duty]]>
              </value>
            </param>
            <param index="4">
              <value>
                <![CDATA[There are no available products.]]>
              </value>
            </param>
          </params>
          <reporter-output>
          </reporter-output>
        </test-method> <!-- click -->
        <test-method status="PASS" signature="click(java.lang.String, java.lang.String, java.lang.String, java.lang.String, java.lang.String)[pri:1, instance:com.website.script.HomePageScript@5a1c0542]" name="click" duration-ms="11763" started-at="2019-10-14T20:58:32 IST" data-provider="productdetail" finished-at="2019-10-14T20:58:44 IST">
          <params>
            <param index="0">
              <value>
                <![CDATA[Software]]>
              </value>
            </param>
            <param index="1">
              <value>
                <![CDATA[Windows 8]]>
              </value>
            </param>
            <param index="2">
              <value>
                <![CDATA[$79.99]]>
              </value>
            </param>
            <param index="3">
              <value>
                <![CDATA[kkk]]>
              </value>
            </param>
            <param index="4">
              <value>
                <![CDATA[There are no available products.]]>
              </value>
            </param>
          </params>
          <reporter-output>
          </reporter-output>
        </test-method> <!-- click -->
        <test-method status="PASS" signature="click(java.lang.String, java.lang.String, java.lang.String, java.lang.String, java.lang.String)[pri:1, instance:com.website.script.HomePageScript@5a1c0542]" name="click" duration-ms="10949" started-at="2019-10-14T20:58:44 IST" data-provider="productdetail" finished-at="2019-10-14T20:58:55 IST">
          <params>
            <param index="0">
              <value>
                <![CDATA[Electronics]]>
              </value>
            </param>
            <param index="1">
              <value>
                <![CDATA[Kindle Fire HD]]>
              </value>
            </param>
            <param index="2">
              <value>
                <![CDATA[$199.99]]>
              </value>
            </param>
            <param index="3">
              <value>
                <![CDATA[pd]]>
              </value>
            </param>
            <param index="4">
              <value>
                <![CDATA[There are no available products.]]>
              </value>
            </param>
          </params>
          <reporter-output>
          </reporter-output>
        </test-method> <!-- click -->
        <test-method status="PASS" signature="click(java.lang.String, java.lang.String, java.lang.String, java.lang.String, java.lang.String)[pri:1, instance:com.website.script.HomePageScript@5a1c0542]" name="click" duration-ms="12391" started-at="2019-10-14T20:58:55 IST" data-provider="productdetail" finished-at="2019-10-14T20:59:07 IST">
          <params>
            <param index="0">
              <value>
                <![CDATA[Home & Garden]]>
              </value>
            </param>
            <param index="1">
              <value>
                <![CDATA[De'Longhi BCO 410]]>
              </value>
            </param>
            <param index="2">
              <value>
                <![CDATA[$159.99]]>
              </value>
            </param>
            <param index="3">
              <value>
                <![CDATA[work]]>
              </value>
            </param>
            <param index="4">
              <value>
                <![CDATA[There are no available products.]]>
              </value>
            </param>
          </params>
          <reporter-output>
          </reporter-output>
        </test-method> <!-- click -->
        <test-method status="PASS" signature="click(java.lang.String, java.lang.String, java.lang.String, java.lang.String, java.lang.String)[pri:1, instance:com.website.script.HomePageScript@5a1c0542]" name="click" duration-ms="10751" started-at="2019-10-14T20:59:07 IST" data-provider="productdetail" finished-at="2019-10-14T20:59:18 IST">
          <params>
            <param index="0">
              <value>
                <![CDATA[Gifts]]>
              </value>
            </param>
            <param index="1">
              <value>
                <![CDATA[Gift Certificate]]>
              </value>
            </param>
            <param index="2">
              <value>
                <![CDATA[$10.00]]>
              </value>
            </param>
            <param index="3">
              <value>
                <![CDATA[card]]>
              </value>
            </param>
            <param index="4">
              <value>
                <![CDATA[There are no available products.]]>
              </value>
            </param>
          </params>
          <reporter-output>
          </reporter-output>
        </test-method> <!-- click -->
      </class> <!-- com.website.script.HomePageScript -->
    </test> <!-- searchProduct -->
    <test name="productdetail" duration-ms="19992" started-at="2019-10-14T20:59:18 IST" finished-at="2019-10-14T20:59:38 IST">
      <class name="com.website.script.ProductDetailsScript">
        <test-method status="PASS" signature="configSetup()[pri:0, instance:com.website.script.ProductDetailsScript@528931cf]" name="configSetup" is-config="true" duration-ms="5178" started-at="2019-10-14T20:59:18 IST" finished-at="2019-10-14T20:59:23 IST">
          <reporter-output>
          </reporter-output>
        </test-method> <!-- configSetup -->
        <test-method status="PASS" signature="clickOnSlideShow()[pri:1, instance:com.website.script.ProductDetailsScript@528931cf]" name="clickOnSlideShow" duration-ms="4004" started-at="2019-10-14T20:59:23 IST" finished-at="2019-10-14T20:59:27 IST">
          <reporter-output>
          </reporter-output>
        </test-method> <!-- clickOnSlideShow -->
        <test-method status="PASS" signature="validateProduct([Ljava.lang.String;)[pri:2, instance:com.website.script.ProductDetailsScript@528931cf]" name="validateProduct" duration-ms="1828" started-at="2019-10-14T20:59:27 IST" data-provider="productdescription" finished-at="2019-10-14T20:59:29 IST">
          <params>
            <param index="0">
              <value>
                <![CDATA[[Ljava.lang.String;@65ec8b24]]>
              </value>
            </param>
          </params>
          <reporter-output>
          </reporter-output>
        </test-method> <!-- validateProduct -->
        <test-method status="PASS" signature="validateProduct([Ljava.lang.String;)[pri:2, instance:com.website.script.ProductDetailsScript@528931cf]" name="validateProduct" duration-ms="1616" started-at="2019-10-14T20:59:29 IST" data-provider="productdescription" finished-at="2019-10-14T20:59:31 IST">
          <params>
            <param index="0">
              <value>
                <![CDATA[[Ljava.lang.String;@70e13fa]]>
              </value>
            </param>
          </params>
          <reporter-output>
          </reporter-output>
        </test-method> <!-- validateProduct -->
        <test-method status="PASS" signature="clickOnProductReview()[pri:3, instance:com.website.script.ProductDetailsScript@528931cf]" name="clickOnProductReview" duration-ms="765" started-at="2019-10-14T20:59:31 IST" finished-at="2019-10-14T20:59:32 IST">
          <reporter-output>
          </reporter-output>
        </test-method> <!-- clickOnProductReview -->
        <test-method status="PASS" signature="productReview(java.lang.String)[pri:4, instance:com.website.script.ProductDetailsScript@528931cf]" name="productReview" duration-ms="1232" started-at="2019-10-14T20:59:32 IST" data-provider="productReview" finished-at="2019-10-14T20:59:33 IST">
          <params>
            <param index="0">
              <value>
                <![CDATA[Most recent first]]>
              </value>
            </param>
          </params>
          <reporter-output>
          </reporter-output>
        </test-method> <!-- productReview -->
        <test-method status="PASS" signature="productReview(java.lang.String)[pri:4, instance:com.website.script.ProductDetailsScript@528931cf]" name="productReview" duration-ms="2024" started-at="2019-10-14T20:59:33 IST" data-provider="productReview" finished-at="2019-10-14T20:59:35 IST">
          <params>
            <param index="0">
              <value>
                <![CDATA[Oldest first]]>
              </value>
            </param>
          </params>
          <reporter-output>
          </reporter-output>
        </test-method> <!-- productReview -->
        <test-method status="PASS" signature="productReview(java.lang.String)[pri:4, instance:com.website.script.ProductDetailsScript@528931cf]" name="productReview" duration-ms="1469" started-at="2019-10-14T20:59:35 IST" data-provider="productReview" finished-at="2019-10-14T20:59:36 IST">
          <params>
            <param index="0">
              <value>
                <![CDATA[Rating: high to low]]>
              </value>
            </param>
          </params>
          <reporter-output>
          </reporter-output>
        </test-method> <!-- productReview -->
        <test-method status="PASS" signature="productReview(java.lang.String)[pri:4, instance:com.website.script.ProductDetailsScript@528931cf]" name="productReview" duration-ms="1750" started-at="2019-10-14T20:59:36 IST" data-provider="productReview" finished-at="2019-10-14T20:59:38 IST">
          <params>
            <param index="0">
              <value>
                <![CDATA[Rating: low to high]]>
              </value>
            </param>
          </params>
          <reporter-output>
          </reporter-output>
        </test-method> <!-- productReview -->
        <test-method status="PASS" signature="endReport()[pri:0, instance:com.website.script.ProductDetailsScript@528931cf]" name="endReport" is-config="true" duration-ms="559" started-at="2019-10-14T20:59:38 IST" finished-at="2019-10-14T20:59:39 IST">
          <reporter-output>
          </reporter-output>
        </test-method> <!-- endReport -->
      </class> <!-- com.website.script.ProductDetailsScript -->
    </test> <!-- productdetail -->
  </suite> <!-- Suite1 -->
</testng-results>
