<?xml version="1.0" encoding="UTF-8"?>
<testng-results skipped="0" failed="0" ignored="0" total="15" passed="15">
  <reporter-output>
  </reporter-output>
  <suite name="Suite1" duration-ms="97086" started-at="2019-10-15T00:29:44 IST" finished-at="2019-10-15T00:31:21 IST">
    <groups>
    </groups>
    <test name="searchProduct" duration-ms="67933" started-at="2019-10-15T00:29:44 IST" finished-at="2019-10-15T00:30:52 IST">
      <class name="com.konakart.script.HomePageScript">
        <test-method status="PASS" signature="configSetup()[pri:0, instance:com.konakart.script.HomePageScript@4566e5bd]" name="configSetup" is-config="true" duration-ms="20635" started-at="2019-10-15T00:29:44 IST" finished-at="2019-10-15T00:30:05 IST">
          <reporter-output>
          </reporter-output>
        </test-method> <!-- configSetup -->
        <test-method status="PASS" signature="searchProduct(java.lang.String, java.lang.String, java.lang.String, java.lang.String, java.lang.String)[pri:1, instance:com.konakart.script.HomePageScript@4566e5bd]" name="searchProduct" duration-ms="6543" started-at="2019-10-15T00:30:07 IST" data-provider="homePage" finished-at="2019-10-15T00:30:13 IST">
          <params>
            <param index="0">
              <value>
                <![CDATA[Computer Peripherals]]>
              </value>
            </param>
            <param index="1">
              <value>
                <![CDATA[Microsoft IntelliMouse Explorer]]>
              </value>
            </param>
            <param index="2">
              <value>
                <![CDATA[$64.95]]>
              </value>
            </param>
            <param index="3">
              <value>
                <![CDATA[ball]]>
              </value>
            </param>
            <param index="4">
              <value>
                <![CDATA[There are no available products.]]>
              </value>
            </param>
          </params>
          <reporter-output>
          </reporter-output>
        </test-method> <!-- searchProduct -->
        <test-method status="PASS" signature="searchProduct(java.lang.String, java.lang.String, java.lang.String, java.lang.String, java.lang.String)[pri:1, instance:com.konakart.script.HomePageScript@4566e5bd]" name="searchProduct" duration-ms="6302" started-at="2019-10-15T00:30:13 IST" data-provider="homePage" finished-at="2019-10-15T00:30:20 IST">
          <params>
            <param index="0">
              <value>
                <![CDATA[Games]]>
              </value>
            </param>
            <param index="1">
              <value>
                <![CDATA[Call Of Duty]]>
              </value>
            </param>
            <param index="2">
              <value>
                <![CDATA[$39.99]]>
              </value>
            </param>
            <param index="3">
              <value>
                <![CDATA[mouse]]>
              </value>
            </param>
            <param index="4">
              <value>
                <![CDATA[There are no available products.]]>
              </value>
            </param>
          </params>
          <reporter-output>
          </reporter-output>
        </test-method> <!-- searchProduct -->
        <test-method status="PASS" signature="searchProduct(java.lang.String, java.lang.String, java.lang.String, java.lang.String, java.lang.String)[pri:1, instance:com.konakart.script.HomePageScript@4566e5bd]" name="searchProduct" duration-ms="6947" started-at="2019-10-15T00:30:20 IST" data-provider="homePage" finished-at="2019-10-15T00:30:27 IST">
          <params>
            <param index="0">
              <value>
                <![CDATA[DVD Movies]]>
              </value>
            </param>
            <param index="1">
              <value>
                <![CDATA[Die Hard With A Vengeance]]>
              </value>
            </param>
            <param index="2">
              <value>
                <![CDATA[$39.99]]>
              </value>
            </param>
            <param index="3">
              <value>
                <![CDATA[call of duty]]>
              </value>
            </param>
            <param index="4">
              <value>
                <![CDATA[There are no available products.]]>
              </value>
            </param>
          </params>
          <reporter-output>
          </reporter-output>
        </test-method> <!-- searchProduct -->
        <test-method status="PASS" signature="searchProduct(java.lang.String, java.lang.String, java.lang.String, java.lang.String, java.lang.String)[pri:1, instance:com.konakart.script.HomePageScript@4566e5bd]" name="searchProduct" duration-ms="6590" started-at="2019-10-15T00:30:27 IST" data-provider="homePage" finished-at="2019-10-15T00:30:33 IST">
          <params>
            <param index="0">
              <value>
                <![CDATA[Software]]>
              </value>
            </param>
            <param index="1">
              <value>
                <![CDATA[Windows 8]]>
              </value>
            </param>
            <param index="2">
              <value>
                <![CDATA[$79.99]]>
              </value>
            </param>
            <param index="3">
              <value>
                <![CDATA[kkk]]>
              </value>
            </param>
            <param index="4">
              <value>
                <![CDATA[There are no available products.]]>
              </value>
            </param>
          </params>
          <reporter-output>
          </reporter-output>
        </test-method> <!-- searchProduct -->
        <test-method status="PASS" signature="searchProduct(java.lang.String, java.lang.String, java.lang.String, java.lang.String, java.lang.String)[pri:1, instance:com.konakart.script.HomePageScript@4566e5bd]" name="searchProduct" duration-ms="6395" started-at="2019-10-15T00:30:33 IST" data-provider="homePage" finished-at="2019-10-15T00:30:40 IST">
          <params>
            <param index="0">
              <value>
                <![CDATA[Electronics]]>
              </value>
            </param>
            <param index="1">
              <value>
                <![CDATA[Kindle Fire HD]]>
              </value>
            </param>
            <param index="2">
              <value>
                <![CDATA[$199.99]]>
              </value>
            </param>
            <param index="3">
              <value>
                <![CDATA[pd]]>
              </value>
            </param>
            <param index="4">
              <value>
                <![CDATA[There are no available products.]]>
              </value>
            </param>
          </params>
          <reporter-output>
          </reporter-output>
        </test-method> <!-- searchProduct -->
        <test-method status="PASS" signature="searchProduct(java.lang.String, java.lang.String, java.lang.String, java.lang.String, java.lang.String)[pri:1, instance:com.konakart.script.HomePageScript@4566e5bd]" name="searchProduct" duration-ms="6580" started-at="2019-10-15T00:30:40 IST" data-provider="homePage" finished-at="2019-10-15T00:30:46 IST">
          <params>
            <param index="0">
              <value>
                <![CDATA[Home & Garden]]>
              </value>
            </param>
            <param index="1">
              <value>
                <![CDATA[De'Longhi BCO 410]]>
              </value>
            </param>
            <param index="2">
              <value>
                <![CDATA[$159.99]]>
              </value>
            </param>
            <param index="3">
              <value>
                <![CDATA[work]]>
              </value>
            </param>
            <param index="4">
              <value>
                <![CDATA[There are no available products.]]>
              </value>
            </param>
          </params>
          <reporter-output>
          </reporter-output>
        </test-method> <!-- searchProduct -->
        <test-method status="PASS" signature="searchProduct(java.lang.String, java.lang.String, java.lang.String, java.lang.String, java.lang.String)[pri:1, instance:com.konakart.script.HomePageScript@4566e5bd]" name="searchProduct" duration-ms="6174" started-at="2019-10-15T00:30:46 IST" data-provider="homePage" finished-at="2019-10-15T00:30:52 IST">
          <params>
            <param index="0">
              <value>
                <![CDATA[Gifts]]>
              </value>
            </param>
            <param index="1">
              <value>
                <![CDATA[Gift Certificate]]>
              </value>
            </param>
            <param index="2">
              <value>
                <![CDATA[$10.00]]>
              </value>
            </param>
            <param index="3">
              <value>
                <![CDATA[card]]>
              </value>
            </param>
            <param index="4">
              <value>
                <![CDATA[There are no available products.]]>
              </value>
            </param>
          </params>
          <reporter-output>
          </reporter-output>
        </test-method> <!-- searchProduct -->
      </class> <!-- com.konakart.script.HomePageScript -->
    </test> <!-- searchProduct -->
    <test name="productdetail" duration-ms="29092" started-at="2019-10-15T00:30:52 IST" finished-at="2019-10-15T00:31:21 IST">
      <class name="com.konakart.script.ProductDetailsScript">
        <test-method status="PASS" signature="configSetup()[pri:0, instance:com.konakart.script.ProductDetailsScript@4e1d422d]" name="configSetup" is-config="true" duration-ms="13182" started-at="2019-10-15T00:30:52 IST" finished-at="2019-10-15T00:31:06 IST">
          <reporter-output>
          </reporter-output>
        </test-method> <!-- configSetup -->
        <test-method status="PASS" signature="clickOnSlideShow()[pri:1, instance:com.konakart.script.ProductDetailsScript@4e1d422d]" name="clickOnSlideShow" duration-ms="4381" started-at="2019-10-15T00:31:06 IST" finished-at="2019-10-15T00:31:10 IST">
          <reporter-output>
          </reporter-output>
        </test-method> <!-- clickOnSlideShow -->
        <test-method status="PASS" signature="validateProduct([Ljava.lang.String;)[pri:2, instance:com.konakart.script.ProductDetailsScript@4e1d422d]" name="validateProduct" duration-ms="1309" started-at="2019-10-15T00:31:10 IST" data-provider="productDescription" finished-at="2019-10-15T00:31:11 IST">
          <params>
            <param index="0">
              <value>
                <![CDATA[[Ljava.lang.String;@4a8df3e2]]>
              </value>
            </param>
          </params>
          <reporter-output>
          </reporter-output>
        </test-method> <!-- validateProduct -->
        <test-method status="PASS" signature="validateProduct([Ljava.lang.String;)[pri:2, instance:com.konakart.script.ProductDetailsScript@4e1d422d]" name="validateProduct" duration-ms="666" started-at="2019-10-15T00:31:11 IST" data-provider="productDescription" finished-at="2019-10-15T00:31:12 IST">
          <params>
            <param index="0">
              <value>
                <![CDATA[[Ljava.lang.String;@680d4a6a]]>
              </value>
            </param>
          </params>
          <reporter-output>
          </reporter-output>
        </test-method> <!-- validateProduct -->
        <test-method status="PASS" signature="clickOnProductReview()[pri:3, instance:com.konakart.script.ProductDetailsScript@4e1d422d]" name="clickOnProductReview" duration-ms="1385" started-at="2019-10-15T00:31:12 IST" finished-at="2019-10-15T00:31:13 IST">
          <reporter-output>
          </reporter-output>
        </test-method> <!-- clickOnProductReview -->
        <test-method status="PASS" signature="productReview(java.lang.String)[pri:4, instance:com.konakart.script.ProductDetailsScript@4e1d422d]" name="productReview" duration-ms="337" started-at="2019-10-15T00:31:13 IST" data-provider="productReview" finished-at="2019-10-15T00:31:14 IST">
          <params>
            <param index="0">
              <value>
                <![CDATA[Most recent first]]>
              </value>
            </param>
          </params>
          <reporter-output>
          </reporter-output>
        </test-method> <!-- productReview -->
        <test-method status="PASS" signature="productReview(java.lang.String)[pri:4, instance:com.konakart.script.ProductDetailsScript@4e1d422d]" name="productReview" duration-ms="3117" started-at="2019-10-15T00:31:14 IST" data-provider="productReview" finished-at="2019-10-15T00:31:17 IST">
          <params>
            <param index="0">
              <value>
                <![CDATA[Oldest first]]>
              </value>
            </param>
          </params>
          <reporter-output>
          </reporter-output>
        </test-method> <!-- productReview -->
        <test-method status="PASS" signature="productReview(java.lang.String)[pri:4, instance:com.konakart.script.ProductDetailsScript@4e1d422d]" name="productReview" duration-ms="2209" started-at="2019-10-15T00:31:17 IST" data-provider="productReview" finished-at="2019-10-15T00:31:19 IST">
          <params>
            <param index="0">
              <value>
                <![CDATA[Rating: high to low]]>
              </value>
            </param>
          </params>
          <reporter-output>
          </reporter-output>
        </test-method> <!-- productReview -->
        <test-method status="PASS" signature="productReview(java.lang.String)[pri:4, instance:com.konakart.script.ProductDetailsScript@4e1d422d]" name="productReview" duration-ms="2418" started-at="2019-10-15T00:31:19 IST" data-provider="productReview" finished-at="2019-10-15T00:31:21 IST">
          <params>
            <param index="0">
              <value>
                <![CDATA[Rating: low to high]]>
              </value>
            </param>
          </params>
          <reporter-output>
          </reporter-output>
        </test-method> <!-- productReview -->
        <test-method status="PASS" signature="endReport()[pri:0, instance:com.konakart.script.ProductDetailsScript@4e1d422d]" name="endReport" is-config="true" duration-ms="5113" started-at="2019-10-15T00:31:21 IST" finished-at="2019-10-15T00:31:27 IST">
          <reporter-output>
          </reporter-output>
        </test-method> <!-- endReport -->
      </class> <!-- com.konakart.script.ProductDetailsScript -->
    </test> <!-- productdetail -->
  </suite> <!-- Suite1 -->
</testng-results>
