<?xml version="1.0" encoding="UTF-8"?>
<!-- Generated by org.testng.reporters.JUnitXMLReporter -->
<testsuite hostname="ATMECSINLT-283" ignored="0" name="productdetail" tests="8" failures="0" timestamp="2019-10-15T00:31:21 IST" time="29.092" errors="0">
  <testcase name="clickOnSlideShow" time="4.381" classname="com.konakart.script.ProductDetailsScript"/>
  <testcase name="validateProduct" time="1.309" classname="com.konakart.script.ProductDetailsScript"/>
  <testcase name="validateProduct" time="0.666" classname="com.konakart.script.ProductDetailsScript"/>
  <testcase name="clickOnProductReview" time="1.385" classname="com.konakart.script.ProductDetailsScript"/>
  <testcase name="productReview" time="0.337" classname="com.konakart.script.ProductDetailsScript"/>
  <testcase name="productReview" time="3.117" classname="com.konakart.script.ProductDetailsScript"/>
  <testcase name="productReview" time="2.209" classname="com.konakart.script.ProductDetailsScript"/>
  <testcase name="productReview" time="2.418" classname="com.konakart.script.ProductDetailsScript"/>
</testsuite> <!-- productdetail -->
