<?xml version="1.0" encoding="UTF-8"?>
<!-- Generated by org.testng.reporters.JUnitXMLReporter -->
<testsuite hostname="ATMECSINLT-283" ignored="0" name="productdetail" tests="8" failures="0" timestamp="2019-10-14T21:07:49 IST" time="19.379" errors="0">
  <testcase name="clickOnSlideShow" time="3.869" classname="com.website.script.ProductDetailsScript"/>
  <testcase name="validateProduct" time="2.155" classname="com.website.script.ProductDetailsScript"/>
  <testcase name="validateProduct" time="1.652" classname="com.website.script.ProductDetailsScript"/>
  <testcase name="clickOnProductReview" time="0.848" classname="com.website.script.ProductDetailsScript"/>
  <testcase name="productReview" time="1.142" classname="com.website.script.ProductDetailsScript"/>
  <testcase name="productReview" time="1.473" classname="com.website.script.ProductDetailsScript"/>
  <testcase name="productReview" time="1.689" classname="com.website.script.ProductDetailsScript"/>
  <testcase name="productReview" time="1.526" classname="com.website.script.ProductDetailsScript"/>
</testsuite> <!-- productdetail -->
