<?xml version="1.0" encoding="UTF-8"?>
<!-- Generated by org.testng.reporters.JUnitXMLReporter -->
<testsuite hostname="ATMECSINLT-283" ignored="0" name="searchProduct" tests="7" failures="0" timestamp="2019-10-14T21:07:30 IST" time="78.606" errors="0">
  <testcase name="click" time="10.845" classname="com.website.script.HomePageScript"/>
  <testcase name="click" time="12.212" classname="com.website.script.HomePageScript"/>
  <testcase name="click" time="9.305" classname="com.website.script.HomePageScript"/>
  <testcase name="click" time="9.657" classname="com.website.script.HomePageScript"/>
  <testcase name="click" time="9.769" classname="com.website.script.HomePageScript"/>
  <testcase name="click" time="9.477" classname="com.website.script.HomePageScript"/>
  <testcase name="click" time="9.831" classname="com.website.script.HomePageScript"/>
</testsuite> <!-- searchProduct -->
