<?xml version="1.0" encoding="UTF-8"?>
<!-- Generated by org.testng.reporters.JUnitXMLReporter -->
<testsuite hostname="ATMECSINLT-283" ignored="0" name="searchProduct" tests="7" failures="0" timestamp="2019-10-15T16:42:47 IST" time="70.029" errors="0">
  <testcase name="validateSearchedProduct" time="9.76" classname="com.konakart.script.HomePageScript"/>
  <testcase name="validateSearchedProduct" time="8.651" classname="com.konakart.script.HomePageScript"/>
  <testcase name="validateSearchedProduct" time="8.4" classname="com.konakart.script.HomePageScript"/>
  <testcase name="validateSearchedProduct" time="8.976" classname="com.konakart.script.HomePageScript"/>
  <testcase name="validateSearchedProduct" time="8.941" classname="com.konakart.script.HomePageScript"/>
  <testcase name="validateSearchedProduct" time="8.367" classname="com.konakart.script.HomePageScript"/>
  <testcase name="validateSearchedProduct" time="8.634" classname="com.konakart.script.HomePageScript"/>
</testsuite> <!-- searchProduct -->
